============================= test session starts ==============================
platform linux -- Python 3.10.12, pytest-9.0.3, pluggy-1.6.0 -- /home/lengran/coding/SensiFileChk/.venv/bin/python
cachedir: .pytest_cache
rootdir: /home/lengran/coding/SensiFileChk
configfile: pyproject.toml
plugins: cov-7.1.0
collecting ... collected 0 items / 1 error

==================================== ERRORS ====================================
____________________ ERROR collecting tests/test_parsers.py ____________________
ImportError while importing test module '/home/lengran/coding/SensiFileChk/tests/test_parsers.py'.
Hint: make sure your test modules/packages have valid Python names.
Traceback:
/usr/lib/python3.10/importlib/__init__.py:126: in import_module
    return _bootstrap._gcd_import(name[level:], package, level)
tests/test_parsers.py:4: in <module>
    from src.parsers.base import ParserError
src/parsers/__init__.py:3: in <module>
    from .pdf import PdfParser
src/parsers/pdf.py:1: in <module>
    import fitz
E   ModuleNotFoundError: No module named 'fitz'
=========================== short test summary info ============================
ERROR tests/test_parsers.py
!!!!!!!!!!!!!!!!!!!! Interrupted: 1 error during collection !!!!!!!!!!!!!!!!!!!!
=============================== 1 error in 0.15s ===============================
